<?xml version="1.0" encoding="UTF-8"?>
<!-- Generated by org.testng.reporters.JUnitXMLReporter -->
<testsuite hostname="DESKTOP-9NH6BU8" ignored="0" name="Default test" tests="3" failures="0" timestamp="12 Jul 2018 17:22:11 GMT" time="108.143" errors="0">
  <testcase name="loginPageTitleTest" time="0.048" classname="com.crm.qa.testcases.LoginPageTest"/>
  <testcase name="crmLogoImageTest" time="0.091" classname="com.crm.qa.testcases.LoginPageTest"/>
  <testcase name="loginTest" time="59.144" classname="com.crm.qa.testcases.LoginPageTest"/>
</testsuite> <!-- Default test -->
