<?xml version="1.0" encoding="UTF-8"?>
<!-- Generated by org.testng.reporters.JUnitXMLReporter -->
<testsuite hostname="DESKTOP-9NH6BU8" ignored="0" name="Default test" tests="3" failures="0" timestamp="11 Jul 2018 17:40:37 GMT" time="177.109" errors="0">
  <testcase name="loginPageTitleTest" time="0.049" classname="com.crm.qa.testcases.LoginPageTest"/>
  <testcase name="crmLogoImageTest" time="0.089" classname="com.crm.qa.testcases.LoginPageTest"/>
  <testcase name="loginTest" time="74.671" classname="com.crm.qa.testcases.LoginPageTest"/>
</testsuite> <!-- Default test -->
