<?xml version="1.0" encoding="UTF-8"?>
<testng-results skipped="0" failed="0" ignored="0" total="3" passed="3">
  <reporter-output>
  </reporter-output>
  <suite name="Default suite" duration-ms="108143" started-at="2018-07-12T17:20:23Z" finished-at="2018-07-12T17:22:11Z">
    <groups>
    </groups>
    <test name="Default test" duration-ms="108143" started-at="2018-07-12T17:20:23Z" finished-at="2018-07-12T17:22:11Z">
      <class name="com.crm.qa.testcases.LoginPageTest">
        <test-method status="PASS" signature="setup()[pri:0, instance:com.crm.qa.testcases.LoginPageTest@5ae63ade]" name="setup" is-config="true" duration-ms="15134" started-at="2018-07-12T17:20:23Z" finished-at="2018-07-12T17:20:38Z">
          <reporter-output>
          </reporter-output>
        </test-method> <!-- setup -->
        <test-method status="PASS" signature="loginPageTitleTest()[pri:1, instance:com.crm.qa.testcases.LoginPageTest@5ae63ade]" name="loginPageTitleTest" duration-ms="48" started-at="2018-07-12T17:20:38Z" finished-at="2018-07-12T17:20:38Z">
          <reporter-output>
          </reporter-output>
        </test-method> <!-- loginPageTitleTest -->
        <test-method status="PASS" signature="tearDown()[pri:0, instance:com.crm.qa.testcases.LoginPageTest@5ae63ade]" name="tearDown" is-config="true" duration-ms="715" started-at="2018-07-12T17:20:38Z" finished-at="2018-07-12T17:20:39Z">
          <reporter-output>
          </reporter-output>
        </test-method> <!-- tearDown -->
        <test-method status="PASS" signature="setup()[pri:0, instance:com.crm.qa.testcases.LoginPageTest@5ae63ade]" name="setup" is-config="true" duration-ms="17924" started-at="2018-07-12T17:20:39Z" finished-at="2018-07-12T17:20:57Z">
          <reporter-output>
          </reporter-output>
        </test-method> <!-- setup -->
        <test-method status="PASS" signature="crmLogoImageTest()[pri:2, instance:com.crm.qa.testcases.LoginPageTest@5ae63ade]" name="crmLogoImageTest" duration-ms="91" started-at="2018-07-12T17:20:57Z" finished-at="2018-07-12T17:20:57Z">
          <reporter-output>
          </reporter-output>
        </test-method> <!-- crmLogoImageTest -->
        <test-method status="PASS" signature="tearDown()[pri:0, instance:com.crm.qa.testcases.LoginPageTest@5ae63ade]" name="tearDown" is-config="true" duration-ms="704" started-at="2018-07-12T17:20:57Z" finished-at="2018-07-12T17:20:58Z">
          <reporter-output>
          </reporter-output>
        </test-method> <!-- tearDown -->
        <test-method status="PASS" signature="setup()[pri:0, instance:com.crm.qa.testcases.LoginPageTest@5ae63ade]" name="setup" is-config="true" duration-ms="13606" started-at="2018-07-12T17:20:58Z" finished-at="2018-07-12T17:21:11Z">
          <reporter-output>
          </reporter-output>
        </test-method> <!-- setup -->
        <test-method status="PASS" signature="loginTest()[pri:3, instance:com.crm.qa.testcases.LoginPageTest@5ae63ade]" name="loginTest" duration-ms="59144" started-at="2018-07-12T17:21:11Z" finished-at="2018-07-12T17:22:10Z">
          <reporter-output>
          </reporter-output>
        </test-method> <!-- loginTest -->
        <test-method status="PASS" signature="tearDown()[pri:0, instance:com.crm.qa.testcases.LoginPageTest@5ae63ade]" name="tearDown" is-config="true" duration-ms="737" started-at="2018-07-12T17:22:10Z" finished-at="2018-07-12T17:22:11Z">
          <reporter-output>
          </reporter-output>
        </test-method> <!-- tearDown -->
      </class> <!-- com.crm.qa.testcases.LoginPageTest -->
    </test> <!-- Default test -->
  </suite> <!-- Default suite -->
</testng-results>
