<?xml version="1.0" encoding="UTF-8"?>
<testng-results skipped="0" failed="0" ignored="0" total="3" passed="3">
  <reporter-output>
  </reporter-output>
  <suite name="Default suite" duration-ms="177109" started-at="2018-07-11T17:37:40Z" finished-at="2018-07-11T17:40:37Z">
    <groups>
    </groups>
    <test name="Default test" duration-ms="177109" started-at="2018-07-11T17:37:40Z" finished-at="2018-07-11T17:40:37Z">
      <class name="com.crm.qa.testcases.LoginPageTest">
        <test-method status="PASS" signature="setup()[pri:0, instance:com.crm.qa.testcases.LoginPageTest@47ef968d]" name="setup" is-config="true" duration-ms="41054" started-at="2018-07-11T17:37:40Z" finished-at="2018-07-11T17:38:21Z">
          <reporter-output>
          </reporter-output>
        </test-method> <!-- setup -->
        <test-method status="PASS" signature="loginPageTitleTest()[pri:1, instance:com.crm.qa.testcases.LoginPageTest@47ef968d]" name="loginPageTitleTest" duration-ms="49" started-at="2018-07-11T17:38:21Z" finished-at="2018-07-11T17:38:21Z">
          <reporter-output>
          </reporter-output>
        </test-method> <!-- loginPageTitleTest -->
        <test-method status="PASS" signature="tearDown()[pri:0, instance:com.crm.qa.testcases.LoginPageTest@47ef968d]" name="tearDown" is-config="true" duration-ms="1040" started-at="2018-07-11T17:38:21Z" finished-at="2018-07-11T17:38:22Z">
          <reporter-output>
          </reporter-output>
        </test-method> <!-- tearDown -->
        <test-method status="PASS" signature="setup()[pri:0, instance:com.crm.qa.testcases.LoginPageTest@47ef968d]" name="setup" is-config="true" duration-ms="30340" started-at="2018-07-11T17:38:22Z" finished-at="2018-07-11T17:38:53Z">
          <reporter-output>
          </reporter-output>
        </test-method> <!-- setup -->
        <test-method status="PASS" signature="crmLogoImageTest()[pri:2, instance:com.crm.qa.testcases.LoginPageTest@47ef968d]" name="crmLogoImageTest" duration-ms="89" started-at="2018-07-11T17:38:53Z" finished-at="2018-07-11T17:38:53Z">
          <reporter-output>
          </reporter-output>
        </test-method> <!-- crmLogoImageTest -->
        <test-method status="PASS" signature="tearDown()[pri:0, instance:com.crm.qa.testcases.LoginPageTest@47ef968d]" name="tearDown" is-config="true" duration-ms="745" started-at="2018-07-11T17:38:53Z" finished-at="2018-07-11T17:38:53Z">
          <reporter-output>
          </reporter-output>
        </test-method> <!-- tearDown -->
        <test-method status="PASS" signature="setup()[pri:0, instance:com.crm.qa.testcases.LoginPageTest@47ef968d]" name="setup" is-config="true" duration-ms="28179" started-at="2018-07-11T17:38:53Z" finished-at="2018-07-11T17:39:22Z">
          <reporter-output>
          </reporter-output>
        </test-method> <!-- setup -->
        <test-method status="PASS" signature="loginTest()[pri:3, instance:com.crm.qa.testcases.LoginPageTest@47ef968d]" name="loginTest" duration-ms="74671" started-at="2018-07-11T17:39:22Z" finished-at="2018-07-11T17:40:36Z">
          <reporter-output>
          </reporter-output>
        </test-method> <!-- loginTest -->
        <test-method status="PASS" signature="tearDown()[pri:0, instance:com.crm.qa.testcases.LoginPageTest@47ef968d]" name="tearDown" is-config="true" duration-ms="894" started-at="2018-07-11T17:40:36Z" finished-at="2018-07-11T17:40:37Z">
          <reporter-output>
          </reporter-output>
        </test-method> <!-- tearDown -->
      </class> <!-- com.crm.qa.testcases.LoginPageTest -->
    </test> <!-- Default test -->
  </suite> <!-- Default suite -->
</testng-results>
